<?xml version="1.0" encoding="UTF-8"?>
<testsuite name="DatastoreSingletoneTest" tests="2" skipped="0" failures="0" errors="0" timestamp="2025-05-18T21:47:30" hostname="katana-76" time="0.182">
  <properties/>
  <testcase name="testThreadLocalDatastoreIsInitialized()" classname="DatastoreSingletoneTest" time="0.18"/>
  <testcase name="testGetUserDatastoreNotNull()" classname="DatastoreSingletoneTest" time="0.0"/>
  <system-out><![CDATA[]]></system-out>
  <system-err><![CDATA[SLF4J: No SLF4J providers were found.
SLF4J: Defaulting to no-operation (NOP) logger implementation
SLF4J: See https://www.slf4j.org/codes.html#noProviders for further details.
]]></system-err>
</testsuite>
