<?xml version="1.0" encoding="UTF-8"?>
<testsuite name="com.example.backend.auth.jwt.JwtAuthenticationFilterTest" tests="3" skipped="0" failures="0" errors="0" timestamp="2025-05-18T21:47:31" hostname="katana-76" time="0.051">
  <properties/>
  <testcase name="filter_doesNothingWhenNoAuthorizationHeader()" classname="com.example.backend.auth.jwt.JwtAuthenticationFilterTest" time="0.042"/>
  <testcase name="filter_abortsRequestWhenUsernameIsNull()" classname="com.example.backend.auth.jwt.JwtAuthenticationFilterTest" time="0.004"/>
  <testcase name="filter_abortsRequestWhenTokenIsInvalid()" classname="com.example.backend.auth.jwt.JwtAuthenticationFilterTest" time="0.003"/>
  <system-out><![CDATA[]]></system-out>
  <system-err><![CDATA[]]></system-err>
</testsuite>
