<?xml version="1.0" encoding="UTF-8"?>
<testsuite name="backend.points.PointsFactoryTest" tests="3" skipped="0" failures="0" errors="0" timestamp="2025-05-18T21:47:31" hostname="katana-76" time="0.007">
  <properties/>
  <testcase name="createNewPoint_InvalidRadius_ThrowsException()" classname="backend.points.PointsFactoryTest" time="0.004"/>
  <testcase name="createNewPoint_ValidRadius_Success()" classname="backend.points.PointsFactoryTest" time="0.001"/>
  <testcase name="checkHitting_Correctness()" classname="backend.points.PointsFactoryTest" time="0.001"/>
  <system-out><![CDATA[]]></system-out>
  <system-err><![CDATA[]]></system-err>
</testsuite>
