<?xml version="1.0" encoding="UTF-8"?>
<testsuite name="com.example.backend.auth.AuthControllerTest" tests="5" skipped="0" failures="0" errors="0" timestamp="2025-05-18T21:47:31" hostname="katana-76" time="0.047">
  <properties/>
  <testcase name="testRefreshNoToken()" classname="com.example.backend.auth.AuthControllerTest" time="0.029"/>
  <testcase name="testLogoutNoToken()" classname="com.example.backend.auth.AuthControllerTest" time="0.002"/>
  <testcase name="testRefreshInvalidToken()" classname="com.example.backend.auth.AuthControllerTest" time="0.002"/>
  <testcase name="testSignInSuccess()" classname="com.example.backend.auth.AuthControllerTest" time="0.009"/>
  <testcase name="testRegisterSuccess()" classname="com.example.backend.auth.AuthControllerTest" time="0.002"/>
  <system-out><![CDATA[]]></system-out>
  <system-err><![CDATA[]]></system-err>
</testsuite>
