<?xml version="1.0" encoding="UTF-8"?>
<testsuite name="com.example.backend.points.PointsServiceTest" tests="3" skipped="0" failures="0" errors="0" timestamp="2025-05-18T21:47:31" hostname="katana-76" time="0.058">
  <properties/>
  <testcase name="testGetCountPointsByUsername_Success()" classname="com.example.backend.points.PointsServiceTest" time="0.045"/>
  <testcase name="testGetSlicePoints_Success()" classname="com.example.backend.points.PointsServiceTest" time="0.005"/>
  <testcase name="testCreatePoint_Success()" classname="com.example.backend.points.PointsServiceTest" time="0.006"/>
  <system-out><![CDATA[]]></system-out>
  <system-err><![CDATA[]]></system-err>
</testsuite>
